  CC      net/ipv6/fib6_notifier.o
  CC      techpack/display/msm/msm_drv.o
  CC      drivers/input/touchscreen/synaptics_dsx/synaptics_dsx_fw_update.o
../techpack/display/msm/msm_drv.c:51:1: note: previous definition is here
   51 | EXPORT_SYMBOL(msm_drm_notifier_call_chain);
      | ^
../include/linux/export.h:124:2: note: expanded from macro 'EXPORT_SYMBOL'
  124 |         __EXPORT_SYMBOL(sym, "")
      |         ^
../include/linux/export.h:120:25: note: expanded from macro '__EXPORT_SYMBOL'
  120 | #define __EXPORT_SYMBOL ___EXPORT_SYMBOL
      |                         ^
../include/linux/export.h:81:20: note: expanded from macro '___EXPORT_SYMBOL'
   81 |         static const char __kstrtab_##sym[]                             \
      |                           ^
<scratch space>:39:1: note: expanded from here
   39 | __kstrtab_msm_drm_notifier_call_chain
      | ^
  CC      net/ipv4/ip_tunnel_core.o
../techpack/display/msm/msm_drv.c:81:31: error: redefinition of 'msm_drm_notifier_list'
   81 | static BLOCKING_NOTIFIER_HEAD(msm_drm_notifier_list);
      |                               ^
../techpack/display/msm/msm_drv.c:45:31: note: previous definition is here
   45 | static BLOCKING_NOTIFIER_HEAD(msm_drm_notifier_list);
      |                               ^
../techpack/display/msm/msm_drv.c:87:1: error: redefinition of '__kstrtab_msm_drm_notifier_call_chain'
   87 | EXPORT_SYMBOL(msm_drm_notifier_call_chain);
      | ^
../include/linux/export.h:124:2: note: expanded from macro 'EXPORT_SYMBOL'
  124 |         __EXPORT_SYMBOL(sym, "")
      |         ^
../include/linux/export.h:120:25: note: expanded from macro '__EXPORT_SYMBOL'
  120 | #define __EXPORT_SYMBOL ___EXPORT_SYMBOL
      |                         ^
../include/linux/export.h:81:20: note: expanded from macro '___EXPORT_SYMBOL'
   81 |         static const char __kstrtab_##sym[]                             \
      |                           ^
<scratch space>:142:1: note: expanded from here
  142 | __kstrtab_msm_drm_notifier_call_chain
      | ^
../techpack/display/msm/msm_drv.c:51:1: note: previous definition is here
   51 | EXPORT_SYMBOL(msm_drm_notifier_call_chain);
      | ^
../include/linux/export.h:124:2: note: expanded from macro 'EXPORT_SYMBOL'
  124 |         __EXPORT_SYMBOL(sym, "")
      |         ^
../include/linux/export.h:120:25: note: expanded from macro '__EXPORT_SYMBOL'
  120 | #define __EXPORT_SYMBOL ___EXPORT_SYMBOL
      |                         ^
../include/linux/export.h:81:20: note: expanded from macro '___EXPORT_SYMBOL'
   81 |         static const char __kstrtab_##sym[]                             \
      |                           ^
<scratch space>:39:1: note: expanded from here
   39 | __kstrtab_msm_drm_notifier_call_chain
      | ^
  CC      net/ipv6/sysctl_net_ipv6.o
../techpack/display/msm/msm_drv.c:54:31: error: redefinition of 'msm_drm_notifier_list'
   54 | static BLOCKING_NOTIFIER_HEAD(msm_drm_notifier_list);
      |                               ^
../techpack/display/msm/msm_drv.c:45:31: note: previous definition is here
   45 | static BLOCKING_NOTIFIER_HEAD(msm_drm_notifier_list);
      |                               ^
../techpack/display/msm/msm_drv.c:56:5: error: redefinition of 'msm_drm_notifier_call_chain'
   56 | int msm_drm_notifier_call_chain(unsigned long val, void *v)
      |     ^
../techpack/display/msm/msm_drv.c:47:5: note: previous definition is here
   47 | int msm_drm_notifier_call_chain(unsigned long val, void *v)
      |     ^
../techpack/display/msm/msm_drv.c:60:1: error: redefinition of '__kstrtab_msm_drm_notifier_call_chain'
   60 | EXPORT_SYMBOL(msm_drm_notifier_call_chain);
      | ^
../include/linux/export.h:124:2: note: expanded from macro 'EXPORT_SYMBOL'
  124 |         __EXPORT_SYMBOL(sym, "")
      |         ^
../include/linux/export.h:120:25: note: expanded from macro '__EXPORT_SYMBOL'
  120 | #define __EXPORT_SYMBOL ___EXPORT_SYMBOL
      |                         ^
../include/linux/export.h:81:20: note: expanded from macro '___EXPORT_SYMBOL'
   81 |         static const char __kstrtab_##sym[]                             \
      |                           ^
<scratch space>:51:1: note: expanded from here
   51 | __kstrtab_msm_drm_notifier_call_chain
      | ^
../techpack/display/msm/msm_drv.c:51:1: note: previous definition is here
   51 | EXPORT_SYMBOL(msm_drm_notifier_call_chain);
      | ^
../include/linux/export.h:124:2: note: expanded from macro 'EXPORT_SYMBOL'
  124 |         __EXPORT_SYMBOL(sym, "")
      |         ^
../include/linux/export.h:120:25: note: expanded from macro '__EXPORT_SYMBOL'
  120 | #define __EXPORT_SYMBOL ___EXPORT_SYMBOL
      |                         ^
../include/linux/export.h:81:20: note: expanded from macro '___EXPORT_SYMBOL'
   81 |         static const char __kstrtab_##sym[]                             \
      |                           ^
<scratch space>:39:1: note: expanded from here
   39 | __kstrtab_msm_drm_notifier_call_chain
      | ^
../techpack/display/msm/msm_drv.c:63:31: error: redefinition of 'msm_drm_notifier_list'
   63 | static BLOCKING_NOTIFIER_HEAD(msm_drm_notifier_list);
      |                               ^
../techpack/display/msm/msm_drv.c:45:31: note: previous definition is here
   45 | static BLOCKING_NOTIFIER_HEAD(msm_drm_notifier_list);
      |                               ^
../techpack/display/msm/msm_drv.c:69:1: error: redefinition of '__kstrtab_msm_drm_notifier_call_chain'
   69 | EXPORT_SYMBOL(msm_drm_notifier_call_chain);
      | ^
../include/linux/export.h:124:2: note: expanded from macro 'EXPORT_SYMBOL'
  124 |         __EXPORT_SYMBOL(sym, "")
      |         ^
../include/linux/export.h:120:25: note: expanded from macro '__EXPORT_SYMBOL'
  120 | #define __EXPORT_SYMBOL ___EXPORT_SYMBOL
      |                         ^
../include/linux/export.h:81:20: note: expanded from macro '___EXPORT_SYMBOL'
   81 |         static const char __kstrtab_##sym[]                             \
      |                           ^
<scratch space>:63:1: note: expanded from here
   63 | __kstrtab_msm_drm_notifier_call_chain
      | ^
../techpack/display/msm/msm_drv.c:51:1: note: previous definition is here
   51 | EXPORT_SYMBOL(msm_drm_notifier_call_chain);
      | ^
../include/linux/export.h:124:2: note: expanded from macro 'EXPORT_SYMBOL'
  124 |         __EXPORT_SYMBOL(sym, "")
      |         ^
../include/linux/export.h:120:25: note: expanded from macro '__EXPORT_SYMBOL'
  120 | #define __EXPORT_SYMBOL ___EXPORT_SYMBOL
      |                         ^
../include/linux/export.h:81:20: note: expanded from macro '___EXPORT_SYMBOL'
   81 |         static const char __kstrtab_##sym[]                             \
      |                           ^
<scratch space>:39:1: note: expanded from here
   39 | __kstrtab_msm_drm_notifier_call_chain
      | ^
../techpack/display/msm/msm_drv.c:72:31: error: redefinition of 'msm_drm_notifier_list'
   72 | static BLOCKING_NOTIFIER_HEAD(msm_drm_notifier_list);
      |                               ^
../techpack/display/msm/msm_drv.c:45:31: note: previous definition is here
   45 | static BLOCKING_NOTIFIER_HEAD(msm_drm_notifier_list);
      |                               ^
../techpack/display/msm/msm_drv.c:78:1: error: redefinition of '__kstrtab_msm_drm_notifier_call_chain'
   78 | EXPORT_SYMBOL(msm_drm_notifier_call_chain);
      | ^
../include/linux/export.h:124:2: note: expanded from macro 'EXPORT_SYMBOL'
  124 |         __EXPORT_SYMBOL(sym, "")
      |         ^
../include/linux/export.h:120:25: note: expanded from macro '__EXPORT_SYMBOL'
  120 | #define __EXPORT_SYMBOL ___EXPORT_SYMBOL
      |                         ^
../include/linux/export.h:81:20: note: expanded from macro '___EXPORT_SYMBOL'
   81 |         static const char __kstrtab_##sym[]                             \
      |                           ^
<scratch space>:75:1: note: expanded from here
   75 | __kstrtab_msm_drm_notifier_call_chain
      | ^
../techpack/display/msm/msm_drv.c:91:31: error: redefinition of 'msm_drm_notifier_list'
   91 | static BLOCKING_NOTIFIER_HEAD(msm_drm_notifier_list);
      |                               ^
../techpack/display/msm/msm_drv.c:45:31: note: previous definition is here
   45 | static BLOCKING_NOTIFIER_HEAD(msm_drm_notifier_list);
      |                               ^
../techpack/display/msm/msm_drv.c:97:1: error: redefinition of '__kstrtab_msm_drm_notifier_call_chain'
   97 | EXPORT_SYMBOL(msm_drm_notifier_call_chain);
      | ^
../include/linux/export.h:124:2: note: expanded from macro 'EXPORT_SYMBOL'
  124 |         __EXPORT_SYMBOL(sym, "")
      |         ^
../include/linux/export.h:120:25: note: expanded from macro '__EXPORT_SYMBOL'
  120 | #define __EXPORT_SYMBOL ___EXPORT_SYMBOL
      |                         ^
../include/linux/export.h:81:20: note: expanded from macro '___EXPORT_SYMBOL'
   81 |         static const char __kstrtab_##sym[]                             \
      |                           ^
<scratch space>:98:1: note: expanded from here
   98 | __kstrtab_msm_drm_notifier_call_chain
      | ^
../techpack/display/msm/msm_drv.c:51:1: note: previous definition is here
   51 | EXPORT_SYMBOL(msm_drm_notifier_call_chain);
      | ^
../include/linux/export.h:124:2: note: expanded from macro 'EXPORT_SYMBOL'
  124 |         __EXPORT_SYMBOL(sym, "")
      |         ^
../include/linux/export.h:120:25: note: expanded from macro '__EXPORT_SYMBOL'
  120 | #define __EXPORT_SYMBOL ___EXPORT_SYMBOL
      |                         ^
../include/linux/export.h:81:20: note: expanded from macro '___EXPORT_SYMBOL'
   81 |         static const char __kstrtab_##sym[]                             \
      |                           ^
<scratch space>:39:1: note: expanded from here
   39 | __kstrtab_msm_drm_notifier_call_chain
      | ^
../techpack/display/msm/msm_drv.c:100:31: error: redefinition of 'msm_drm_notifier_list'
  100 | static BLOCKING_NOTIFIER_HEAD(msm_drm_notifier_list);
      |                               ^
../techpack/display/msm/msm_drv.c:45:31: note: previous definition is here
   45 | static BLOCKING_NOTIFIER_HEAD(msm_drm_notifier_list);
      |                               ^
../techpack/display/msm/msm_drv.c:106:1: error: redefinition of '__kstrtab_msm_drm_notifier_call_chain'
  106 | EXPORT_SYMBOL(msm_drm_notifier_call_chain);
      | ^
../include/linux/export.h:124:2: note: expanded from macro 'EXPORT_SYMBOL'
  124 |         __EXPORT_SYMBOL(sym, "")
      |         ^
../include/linux/export.h:120:25: note: expanded from macro '__EXPORT_SYMBOL'
  120 | #define __EXPORT_SYMBOL ___EXPORT_SYMBOL
      |                         ^
../include/linux/export.h:81:20: note: expanded from macro '___EXPORT_SYMBOL'
   81 |         static const char __kstrtab_##sym[]                             \
      |                           ^
<scratch space>:110:1: note: expanded from here
  110 | __kstrtab_msm_drm_notifier_call_chain
      | ^
../techpack/display/msm/msm_drv.c:51:1: note: previous definition is here
   51 | EXPORT_SYMBOL(msm_drm_notifier_call_chain);
      | ^
../include/linux/export.h:124:2: note: expanded from macro 'EXPORT_SYMBOL'
  124 |         __EXPORT_SYMBOL(sym, "")
      |         ^
../include/linux/export.h:120:25: note: expanded from macro '__EXPORT_SYMBOL'
  120 | #define __EXPORT_SYMBOL ___EXPORT_SYMBOL
      |                         ^
../include/linux/export.h:81:20: note: expanded from macro '___EXPORT_SYMBOL'
   81 |         static const char __kstrtab_##sym[]                             \
      |                           ^
<scratch space>:39:1: note: expanded from here
   39 | __kstrtab_msm_drm_notifier_call_chain
      | ^
../techpack/display/msm/msm_drv.c:109:31: error: redefinition of 'msm_drm_notifier_list'
  109 | static BLOCKING_NOTIFIER_HEAD(msm_drm_notifier_list);
      |                               ^
../techpack/display/msm/msm_drv.c:45:31: note: previous definition is here
   45 | static BLOCKING_NOTIFIER_HEAD(msm_drm_notifier_list);
      |                               ^
../techpack/display/msm/msm_drv.c:115:1: error: redefinition of '__kstrtab_msm_drm_notifier_call_chain'
  115 | EXPORT_SYMBOL(msm_drm_notifier_call_chain);
      | ^
../include/linux/export.h:124:2: note: expanded from macro 'EXPORT_SYMBOL'
  124 |         __EXPORT_SYMBOL(sym, "")
      |         ^
../include/linux/export.h:120:25: note: expanded from macro '__EXPORT_SYMBOL'
  120 | #define __EXPORT_SYMBOL ___EXPORT_SYMBOL
      |                         ^
../include/linux/export.h:81:20: note: expanded from macro '___EXPORT_SYMBOL'
   81 |         static const char __kstrtab_##sym[]                             \
      |                           ^
<scratch space>:124:1: note: expanded from here
  124 | __kstrtab_msm_drm_notifier_call_chain
      | ^
../techpack/display/msm/msm_drv.c:51:1: note: previous definition is here
   51 | EXPORT_SYMBOL(msm_drm_notifier_call_chain);
      | ^
../include/linux/export.h:124:2: note: expanded from macro 'EXPORT_SYMBOL'
  124 |         __EXPORT_SYMBOL(sym, "")
      |         ^
../include/linux/export.h:120:25: note: expanded from macro '__EXPORT_SYMBOL'
  120 | #define __EXPORT_SYMBOL ___EXPORT_SYMBOL
      |                         ^
../include/linux/export.h:81:20: note: expanded from macro '___EXPORT_SYMBOL'
   81 |         static const char __kstrtab_##sym[]                             \
      |                           ^
<scratch space>:39:1: note: expanded from here
   39 | __kstrtab_msm_drm_notifier_call_chain
      | ^
../techpack/display/msm/msm_drv.c:118:31: error: redefinition of 'msm_drm_notifier_list'
  118 | static BLOCKING_NOTIFIER_HEAD(msm_drm_notifier_list);
      |                               ^
../techpack/display/msm/msm_drv.c:45:31: note: previous definition is here
   45 | static BLOCKING_NOTIFIER_HEAD(msm_drm_notifier_list);
      |                               ^
../techpack/display/msm/msm_drv.c:124:1: error: redefinition of '__kstrtab_msm_drm_notifier_call_chain'
  124 | EXPORT_SYMBOL(msm_drm_notifier_call_chain);
      | ^
../include/linux/export.h:124:2: note: expanded from macro 'EXPORT_SYMBOL'
  124 |         __EXPORT_SYMBOL(sym, "")
      |         ^
../include/linux/export.h:120:25: note: expanded from macro '__EXPORT_SYMBOL'
  120 | #define __EXPORT_SYMBOL ___EXPORT_SYMBOL
      |                         ^
../include/linux/export.h:81:20: note: expanded from macro '___EXPORT_SYMBOL'
   81 |         static const char __kstrtab_##sym[]                             \
      |                           ^
<scratch space>:75:1: note: expanded from here
   75 | __kstrtab_msm_drm_notifier_call_chain
      | ^
../techpack/display/msm/msm_drv.c:51:1: note: previous definition is here
   51 | EXPORT_SYMBOL(msm_drm_notifier_call_chain);
      | ^
../include/linux/export.h:124:2: note: expanded from macro 'EXPORT_SYMBOL'
  124 |         __EXPORT_SYMBOL(sym, "")
      |         ^
../include/linux/export.h:120:25: note: expanded from macro '__EXPORT_SYMBOL'
  120 | #define __EXPORT_SYMBOL ___EXPORT_SYMBOL
      |                         ^
../include/linux/export.h:81:20: note: expanded from macro '___EXPORT_SYMBOL'
   81 |         static const char __kstrtab_##sym[]                             \
      |                           ^
<scratch space>:39:1: note: expanded from here
   39 | __kstrtab_msm_drm_notifier_call_chain
      | ^
../techpack/display/msm/msm_drv.c:127:31: error: redefinition of 'msm_drm_notifier_list'
  127 | static BLOCKING_NOTIFIER_HEAD(msm_drm_notifier_list);
      |                               ^
../techpack/display/msm/msm_drv.c:45:31: note: previous definition is here
   45 | static BLOCKING_NOTIFIER_HEAD(msm_drm_notifier_list);
      |                               ^
../techpack/display/msm/msm_drv.c:133:1: error: redefinition of '__kstrtab_msm_drm_notifier_call_chain'
  133 | EXPORT_SYMBOL(msm_drm_notifier_call_chain);
      | ^
../include/linux/export.h:124:2: note: expanded from macro 'EXPORT_SYMBOL'
  124 |         __EXPORT_SYMBOL(sym, "")
      |         ^
../include/linux/export.h:120:25: note: expanded from macro '__EXPORT_SYMBOL'
  120 | #define __EXPORT_SYMBOL ___EXPORT_SYMBOL
      |                         ^
../include/linux/export.h:81:20: note: expanded from macro '___EXPORT_SYMBOL'
   81 |         static const char __kstrtab_##sym[]                             \
      |                           ^
<scratch space>:87:1: note: expanded from here
   87 | __kstrtab_msm_drm_notifier_call_chain
      | ^
../techpack/display/msm/msm_drv.c:51:1: note: previous definition is here
   51 | EXPORT_SYMBOL(msm_drm_notifier_call_chain);
      | ^
../include/linux/export.h:124:2: note: expanded from macro 'EXPORT_SYMBOL'
  124 |         __EXPORT_SYMBOL(sym, "")
      |         ^
../include/linux/export.h:120:25: note: expanded from macro '__EXPORT_SYMBOL'
  120 | #define __EXPORT_SYMBOL ___EXPORT_SYMBOL
      |                         ^
../include/linux/export.h:81:20: note: expanded from macro '___EXPORT_SYMBOL'
   81 |         static const char __kstrtab_##sym[]                             \
      |                           ^
<scratch space>:39:1: note: expanded from here
   39 | __kstrtab_msm_drm_notifier_call_chain
      | ^
fatal error: too many errors emitted, stopping now [-ferror-limit=]
20 errors generated.
make[4]: *** [../scripts/Makefile.build:338: techpack/display/msm/msm_drv.o] Error 1
make[3]: *** [../scripts/Makefile.build:642: techpack/display/msm] Error 2
make[2]: *** [../scripts/Makefile.build:642: techpack/display] Error 2
make[1]: *** [/home/runner/work/kebab_kernelsu_susfs_support/kebab_kernelsu_susfs_support/kernel_source/Makefile:1238: techpack] Error 2
make[1]: *** Waiting for unfinished jobs....
  CC      net/key/af_key.o
  CC      net/ipv6/xfrm6_policy.o
  CC      drivers/input/touchscreen/synaptics
